#
# A fatal error has been detected by the Java Runtime Environment:
#
#  Internal Error (constantTag.cpp:59), pid=4052, tid=0x0000000000002ec0
#  Error: ShouldNotReachHere()
#
# JRE version: Java(TM) SE Runtime Environment (8.0_221-b11) (build 1.8.0_221-b11)
# Java VM: Java HotSpot(TM) 64-Bit Server VM (25.221-b11 mixed mode windows-amd64 compressed oops)
# Failed to write core dump. Minidumps are not enabled by default on client versions of Windows
#
# If you would like to submit a bug report, please visit:
#   http://bugreport.java.com/bugreport/crash.jsp
#

---------------  T H R E A D  ---------------

Current thread (0x0000000017f78000):  VMThread [stack: 0x0000000019010000,0x0000000019110000] [id=11968]

Stack: [0x0000000019010000,0x0000000019110000]
[error occurred during error reporting (printing stack bounds), id 0xc0000005]

Native frames: (J=compiled Java code, j=interpreted, Vv=VM code, C=native code)

VM_Operation (0x0000000019b6f0a0): GetOrSetLocal, mode: safepoint, requested by thread 0x0000000017fb8000


---------------  P R O C E S S  ---------------

Java Threads: ( => current thread )
  0x000000001a0bc000 JavaThread "Service Thread" daemon [_thread_blocked, id=12696, stack(0x000000001a470000,0x000000001a570000)]
  0x0000000017fde000 JavaThread "C1 CompilerThread2" daemon [_thread_blocked, id=12508, stack(0x0000000019f70000,0x000000001a070000)]
  0x0000000017fdd000 JavaThread "C2 CompilerThread1" daemon [_thread_blocked, id=10612, stack(0x0000000019e70000,0x0000000019f70000)]
  0x0000000017fd6000 JavaThread "C2 CompilerThread0" daemon [_thread_blocked, id=5484, stack(0x0000000019d70000,0x0000000019e70000)]
  0x0000000017fc9800 JavaThread "JDWP Command Reader" daemon [_thread_in_native, id=1236, stack(0x0000000019c70000,0x0000000019d70000)]
  0x0000000017fc8000 JavaThread "JDWP Event Helper Thread" daemon [_thread_blocked, id=11088, stack(0x0000000019b70000,0x0000000019c70000)]
  0x0000000017fb8000 JavaThread "JDWP Transport Listener: dt_socket" daemon [_thread_blocked, id=5208, stack(0x0000000019a70000,0x0000000019b70000)]
  0x0000000017fae000 JavaThread "Attach Listener" daemon [_thread_blocked, id=12840, stack(0x0000000019530000,0x0000000019630000)]
  0x0000000017fac800 JavaThread "Signal Dispatcher" daemon [_thread_blocked, id=12124, stack(0x0000000019430000,0x0000000019530000)]
  0x00000000025bc000 JavaThread "Finalizer" daemon [_thread_blocked, id=14224, stack(0x0000000019210000,0x0000000019310000)]
  0x00000000025b1000 JavaThread "Reference Handler" daemon [_thread_blocked, id=2272, stack(0x0000000019110000,0x0000000019210000)]
  0x00000000024c2800 JavaThread "main" [_thread_blocked, id=2508, stack(0x00000000023c0000,0x00000000024c0000)]

Other Threads:
=>0x0000000017f78000 VMThread [stack: 0x0000000019010000,0x0000000019110000] [id=11968]
  0x000000001a0be800 WatcherThread [stack: 0x000000001a6d0000,0x000000001a7d0000] [id=2696]

VM state:at safepoint (normal execution)

VM Mutex/Monitor currently owned by a thread:  ([mutex/lock_event])
[0x00000000023be8c0] Threads_lock - owner thread: 0x0000000017f78000

heap address: 0x0000000728400000, size: 2428 MB, Compressed Oops mode: Zero based, Oop shift amount: 3
Narrow klass base: 0x0000000000000000, Narrow klass shift: 3
Compressed class space size: 1073741824 Address: 0x00000007c0000000

Heap:
 PSYoungGen      total 45568K, used 28599K [0x000000078d700000, 0x0000000790980000, 0x00000007c0000000)
  eden space 39424K, 72% used [0x000000078d700000,0x000000078f2ede98,0x000000078fd80000)
  from space 6144K, 0% used [0x0000000790380000,0x0000000790380000,0x0000000790980000)
  to   space 6144K, 0% used [0x000000078fd80000,0x000000078fd80000,0x0000000790380000)
 ParOldGen       total 103936K, used 0K [0x0000000728400000, 0x000000072e980000, 0x000000078d700000)
  object space 103936K, 0% used [0x0000000728400000,0x0000000728400000,0x000000072e980000)
 Metaspace       used 10830K, capacity 11044K, committed 11264K, reserved 1058816K
  class space    used 1188K, capacity 1260K, committed 1280K, reserved 1048576K

Card table byte_map: [0x0000000011980000,0x0000000011e40000] byte_map_base: 0x000000000e03e000

Marking Bits: (ParMarkBitMap*) 0x00000000578c5ce0
 Begin Bits: [0x0000000012570000, 0x0000000014b60000)
 End Bits:   [0x0000000014b60000, 0x0000000017150000)

Polling page: 0x0000000000a50000

CodeCache: size=245760Kb used=4786Kb max_used=4786Kb free=240973Kb
 bounds [0x00000000025c0000, 0x0000000002a70000, 0x00000000115c0000]
 total_blobs=1683 nmethods=1322 adapters=281
 compilation: enabled

Compilation events (10 events):
Event: 219.814 Thread 0x0000000017fde000 1318       3       sun.nio.cs.UTF_8::newEncoder (10 bytes)
Event: 219.814 Thread 0x0000000017fde000 nmethod 1318 0x0000000002a64090 code [0x0000000002a64240, 0x0000000002a64608]
Event: 219.815 Thread 0x0000000017fde000 1319       3       sun.nio.cs.UTF_8$Encoder::<init> (6 bytes)
Event: 219.815 Thread 0x0000000017fde000 nmethod 1319 0x0000000002a6dcd0 code [0x0000000002a6de80, 0x0000000002a6e1a8]
Event: 223.427 Thread 0x0000000017fde000 1320  s    3       java.util.Stack::peek (25 bytes)
Event: 223.428 Thread 0x0000000017fde000 nmethod 1320 0x0000000002a6d310 code [0x0000000002a6d4a0, 0x0000000002a6db18]
Event: 314.173 Thread 0x0000000017fde000 1321  s    3       java.util.Stack::pop (19 bytes)
Event: 314.173 Thread 0x0000000017fde000 nmethod 1321 0x0000000002a6c0d0 code [0x0000000002a6c2a0, 0x0000000002a6cec8]
Event: 314.173 Thread 0x0000000017fde000 1322  s    3       java.util.Vector::removeElementAt (115 bytes)
Event: 314.174 Thread 0x0000000017fde000 nmethod 1322 0x0000000002a6a950 code [0x0000000002a6aba0, 0x0000000002a6b9c8]

GC Heap History (0 events):
No events

Deoptimization events (10 events):
Event: 1.940 Thread 0x00000000024c2800 Uncommon trap: reason=class_check action=maybe_recompile pc=0x00000000028a3ed8 method=java.util.regex.Matcher.search(I)Z @ 86
Event: 1.988 Thread 0x00000000024c2800 Uncommon trap: reason=class_check action=maybe_recompile pc=0x00000000029ac558 method=org.jsoup.parser.CharacterReader.bufferUp()V @ 58
Event: 2.077 Thread 0x00000000024c2800 Uncommon trap: reason=class_check action=maybe_recompile pc=0x00000000029ac558 method=org.jsoup.parser.CharacterReader.bufferUp()V @ 58
Event: 2.089 Thread 0x00000000024c2800 Uncommon trap: reason=class_check action=maybe_recompile pc=0x00000000029ac558 method=org.jsoup.parser.CharacterReader.bufferUp()V @ 58
Event: 2.110 Thread 0x00000000024c2800 Uncommon trap: reason=class_check action=maybe_recompile pc=0x00000000029ac558 method=org.jsoup.parser.CharacterReader.bufferUp()V @ 58
Event: 7.135 Thread 0x00000000024c2800 Uncommon trap: reason=class_check action=maybe_recompile pc=0x000000000278fe5c method=java.util.regex.Pattern$Curly.match(Ljava/util/regex/Matcher;ILjava/lang/CharSequence;)Z @ 19
Event: 7.136 Thread 0x00000000024c2800 Uncommon trap: reason=class_check action=maybe_recompile pc=0x000000000278fe5c method=java.util.regex.Pattern$Curly.match(Ljava/util/regex/Matcher;ILjava/lang/CharSequence;)Z @ 19
Event: 7.136 Thread 0x00000000024c2800 Uncommon trap: reason=class_check action=maybe_recompile pc=0x000000000278fe5c method=java.util.regex.Pattern$Curly.match(Ljava/util/regex/Matcher;ILjava/lang/CharSequence;)Z @ 19
Event: 7.136 Thread 0x00000000024c2800 Uncommon trap: reason=class_check action=maybe_recompile pc=0x000000000278fe5c method=java.util.regex.Pattern$Curly.match(Ljava/util/regex/Matcher;ILjava/lang/CharSequence;)Z @ 19
Event: 65.372 Thread 0x00000000024c2800 Uncommon trap: reason=null_check action=make_not_entrant pc=0x0000000002a5e660 method=org.jsoup.nodes.Document$OutputSettings.encoder()Ljava/nio/charset/CharsetEncoder; @ 7

Classes redefined (10 events):
Event: 147.077 Thread 0x0000000017f78000 redefined class name=com.link.scrapingjava.MonitorSefaz.App, count=1
Event: 359.678 Thread 0x0000000017f78000 redefined class name=com.link.scrapingjava.MonitorSefaz.App, count=2
Event: 386.118 Thread 0x0000000017f78000 redefined class name=com.link.scrapingjava.MonitorSefaz.App, count=3
Event: 448.273 Thread 0x0000000017f78000 redefined class name=com.link.scrapingjava.MonitorSefaz.App, count=4
Event: 455.569 Thread 0x0000000017f78000 redefined class name=com.link.scrapingjava.MonitorSefaz.App, count=5
Event: 515.262 Thread 0x0000000017f78000 redefined class name=com.link.scrapingjava.MonitorSefaz.App, count=6
Event: 529.377 Thread 0x0000000017f78000 redefined class name=com.link.scrapingjava.MonitorSefaz.App, count=7
Event: 542.801 Thread 0x0000000017f78000 redefined class name=com.link.scrapingjava.MonitorSefaz.App, count=8
Event: 550.336 Thread 0x0000000017f78000 redefined class name=com.link.scrapingjava.MonitorSefaz.App, count=9
Event: 694.494 Thread 0x0000000017f78000 redefined class name=com.link.scrapingjava.MonitorSefaz.App, count=10

Internal exceptions (10 events):
Event: 0.088 Thread 0x00000000024c2800 Exception <a 'java/lang/NoSuchMethodError': Method sun.misc.Unsafe.defineClass(Ljava/lang/String;[BII)Ljava/lang/Class; name or signature does not match> (0x000000078d707cb8) thrown at [C:\re\workspace\8-2-build-windows-amd64-cygwin\jdk8u221\13320\hotspot
Event: 0.088 Thread 0x00000000024c2800 Exception <a 'java/lang/NoSuchMethodError': Method sun.misc.Unsafe.prefetchRead(Ljava/lang/Object;J)V name or signature does not match> (0x000000078d707fa0) thrown at [C:\re\workspace\8-2-build-windows-amd64-cygwin\jdk8u221\13320\hotspot\src\share\vm\prim
Event: 0.281 Thread 0x00000000024c2800 Exception <a 'java/io/FileNotFoundException'> (0x000000078d7580e8) thrown at [C:\re\workspace\8-2-build-windows-amd64-cygwin\jdk8u221\13320\hotspot\src\share\vm\prims\jni.cpp, line 710]
Event: 0.636 Thread 0x0000000017fae000 Exception <a 'java/security/PrivilegedActionException'> (0x000000078dbed3f8) thrown at [C:\re\workspace\8-2-build-windows-amd64-cygwin\jdk8u221\13320\hotspot\src\share\vm\prims\jvm.cpp, line 1502]
Event: 0.636 Thread 0x0000000017fae000 Exception <a 'java/security/PrivilegedActionException'> (0x000000078dbed7f0) thrown at [C:\re\workspace\8-2-build-windows-amd64-cygwin\jdk8u221\13320\hotspot\src\share\vm\prims\jvm.cpp, line 1502]
Event: 0.637 Thread 0x0000000017fae000 Exception <a 'java/security/PrivilegedActionException'> (0x000000078dbf1648) thrown at [C:\re\workspace\8-2-build-windows-amd64-cygwin\jdk8u221\13320\hotspot\src\share\vm\prims\jvm.cpp, line 1502]
Event: 0.638 Thread 0x0000000017fae000 Exception <a 'java/security/PrivilegedActionException'> (0x000000078dbf1a40) thrown at [C:\re\workspace\8-2-build-windows-amd64-cygwin\jdk8u221\13320\hotspot\src\share\vm\prims\jvm.cpp, line 1502]
Event: 1.150 Thread 0x00000000024c2800 Exception <a 'java/lang/NoSuchFieldError': method resolution failed> (0x000000078dee2630) thrown at [C:\re\workspace\8-2-build-windows-amd64-cygwin\jdk8u221\13320\hotspot\src\share\vm\prims\methodHandles.cpp, line 1167]
Event: 1.164 Thread 0x00000000024c2800 Exception <a 'java/lang/NoSuchFieldError': method resolution failed> (0x000000078def0170) thrown at [C:\re\workspace\8-2-build-windows-amd64-cygwin\jdk8u221\13320\hotspot\src\share\vm\prims\methodHandles.cpp, line 1167]
Event: 65.372 Thread 0x00000000024c2800 Implicit null exception at 0x0000000002a5ca40 to 0x0000000002a5e63d

Events (10 events):
Event: 550.424 Executing VM operation: GetCurrentContendedMonitor done
Event: 694.486 Executing VM operation: RedefineClasses
Event: 694.495 Executing VM operation: RedefineClasses done
Event: 694.501 Executing VM operation: ChangeBreakpoints
Event: 694.502 Executing VM operation: ChangeBreakpoints done
Event: 694.530 Executing VM operation: GetOwnedMonitorInfo
Event: 694.530 Executing VM operation: GetOwnedMonitorInfo done
Event: 694.530 Executing VM operation: GetCurrentContendedMonitor
Event: 694.530 Executing VM operation: GetCurrentContendedMonitor done
Event: 2499.177 Executing VM operation: GetOrSetLocal


Dynamic libraries:
0x00007ff615fe0000 - 0x00007ff616017000 	C:\Program Files\Java\jre1.8.0_221\bin\javaw.exe
0x00007ffbfb390000 - 0x00007ffbfb585000 	C:\Windows\SYSTEM32\ntdll.dll
0x00007ffbfa6b0000 - 0x00007ffbfa76e000 	C:\Windows\System32\KERNEL32.DLL
0x00007ffbf8c80000 - 0x00007ffbf8f49000 	C:\Windows\System32\KERNELBASE.dll
0x00007ffbfb120000 - 0x00007ffbfb1cc000 	C:\Windows\System32\ADVAPI32.dll
0x00007ffbf9740000 - 0x00007ffbf97de000 	C:\Windows\System32\msvcrt.dll
0x00007ffbf9b70000 - 0x00007ffbf9c0b000 	C:\Windows\System32\sechost.dll
0x00007ffbf9c80000 - 0x00007ffbf9daa000 	C:\Windows\System32\RPCRT4.dll
0x00007ffbf99c0000 - 0x00007ffbf9b61000 	C:\Windows\System32\USER32.dll
0x00007ffbf90b0000 - 0x00007ffbf90d2000 	C:\Windows\System32\win32u.dll
0x00007ffbfaa20000 - 0x00007ffbfaa4b000 	C:\Windows\System32\GDI32.dll
0x00007ffbf8b70000 - 0x00007ffbf8c7b000 	C:\Windows\System32\gdi32full.dll
0x00007ffbf9340000 - 0x00007ffbf93dd000 	C:\Windows\System32\msvcp_win.dll
0x00007ffbf9240000 - 0x00007ffbf9340000 	C:\Windows\System32\ucrtbase.dll
0x00007ffbe2210000 - 0x00007ffbe24aa000 	C:\Windows\WinSxS\amd64_microsoft.windows.common-controls_6595b64144ccf1df_6.0.19041.1110_none_60b5254171f9507e\COMCTL32.dll
0x00007ffbf9990000 - 0x00007ffbf99c0000 	C:\Windows\System32\IMM32.DLL
0x0000000058820000 - 0x00000000588f2000 	C:\Program Files\Java\jre1.8.0_221\bin\msvcr100.dll
0x00000000570a0000 - 0x0000000057945000 	C:\Program Files\Java\jre1.8.0_221\bin\server\jvm.dll
0x00007ffbfa580000 - 0x00007ffbfa588000 	C:\Windows\System32\PSAPI.DLL
0x00007ffbf46e0000 - 0x00007ffbf46e9000 	C:\Windows\SYSTEM32\WSOCK32.dll
0x00007ffbf9c10000 - 0x00007ffbf9c7b000 	C:\Windows\System32\WS2_32.dll
0x00007ffbe6120000 - 0x00007ffbe6147000 	C:\Windows\SYSTEM32\WINMM.dll
0x00007ffbf3480000 - 0x00007ffbf348a000 	C:\Windows\SYSTEM32\VERSION.dll
0x00007ffbdfb30000 - 0x00007ffbdfb3f000 	C:\Program Files\Java\jre1.8.0_221\bin\verify.dll
0x00007ffbdfa40000 - 0x00007ffbdfa69000 	C:\Program Files\Java\jre1.8.0_221\bin\java.dll
0x00007ffbcbc70000 - 0x00007ffbcbca5000 	C:\Program Files\Java\jre1.8.0_221\bin\jdwp.dll
0x00007ffbdfb10000 - 0x00007ffbdfb18000 	C:\Program Files\Java\jre1.8.0_221\bin\npt.dll
0x00007ffbde860000 - 0x00007ffbde876000 	C:\Program Files\Java\jre1.8.0_221\bin\zip.dll
0x00007ffbf9db0000 - 0x00007ffbfa4ef000 	C:\Windows\System32\SHELL32.dll
0x00007ffbf6bd0000 - 0x00007ffbf7360000 	C:\Windows\SYSTEM32\windows.storage.dll
0x00007ffbf93e0000 - 0x00007ffbf9735000 	C:\Windows\System32\combase.dll
0x00007ffbf8500000 - 0x00007ffbf852c000 	C:\Windows\SYSTEM32\Wldp.dll
0x00007ffbfb2a0000 - 0x00007ffbfb34e000 	C:\Windows\System32\SHCORE.dll
0x00007ffbfa770000 - 0x00007ffbfa7c5000 	C:\Windows\System32\shlwapi.dll
0x00007ffbf89f0000 - 0x00007ffbf8a0f000 	C:\Windows\SYSTEM32\profapi.dll
0x00007ffbdfb00000 - 0x00007ffbdfb09000 	C:\Program Files\Java\jre1.8.0_221\bin\dt_socket.dll
0x00007ffbd7490000 - 0x00007ffbd74a7000 	C:\Windows\system32\napinsp.dll
0x00007ffbd7470000 - 0x00007ffbd748b000 	C:\Windows\system32\pnrpnsp.dll
0x00007ffbd33a0000 - 0x00007ffbd33b5000 	C:\Windows\system32\wshbth.dll
0x00007ffbf46b0000 - 0x00007ffbf46cd000 	C:\Windows\system32\NLAapi.dll
0x00007ffbf7ee0000 - 0x00007ffbf7f1b000 	C:\Windows\SYSTEM32\IPHLPAPI.DLL
0x00007ffbf8260000 - 0x00007ffbf82ca000 	C:\Windows\System32\mswsock.dll
0x00007ffbf7f20000 - 0x00007ffbf7fec000 	C:\Windows\SYSTEM32\DNSAPI.dll
0x00007ffbfa9a0000 - 0x00007ffbfa9a8000 	C:\Windows\System32\NSI.dll
0x00007ffbd6720000 - 0x00007ffbd6732000 	C:\Windows\System32\winrnr.dll
0x00007ffbf1df0000 - 0x00007ffbf1e6f000 	C:\Windows\System32\fwpuclnt.dll
0x00007ffbf8ab0000 - 0x00007ffbf8ad7000 	C:\Windows\System32\bcrypt.dll
0x00007ffbf1f40000 - 0x00007ffbf1f4a000 	C:\Windows\System32\rasadhlp.dll
0x00007ffbdbd90000 - 0x00007ffbdbdb4000 	C:\Program Files\Java\jre1.8.0_221\bin\sunec.dll
0x00007ffbcbc50000 - 0x00007ffbcbc6a000 	C:\Program Files\Java\jre1.8.0_221\bin\net.dll
0x00007ffbe5030000 - 0x00007ffbe521b000 	C:\Windows\SYSTEM32\urlmon.dll
0x00007ffbec0d0000 - 0x00007ffbec380000 	C:\Windows\SYSTEM32\iertutil.dll
0x00007ffbe4ee0000 - 0x00007ffbe4f08000 	C:\Windows\SYSTEM32\srvcli.dll
0x00007ffbf7ff0000 - 0x00007ffbf7ffc000 	C:\Windows\SYSTEM32\netutils.dll
0x00007ffbf35c0000 - 0x00007ffbf35d7000 	C:\Windows\SYSTEM32\dhcpcsvc6.DLL
0x00007ffbf35a0000 - 0x00007ffbf35bd000 	C:\Windows\SYSTEM32\dhcpcsvc.DLL
0x00007ffbcb910000 - 0x00007ffbcb922000 	C:\Program Files\Java\jre1.8.0_221\bin\nio.dll
0x00007ffbf8460000 - 0x00007ffbf8478000 	C:\Windows\SYSTEM32\CRYPTSP.dll
0x00007ffbf7b10000 - 0x00007ffbf7b44000 	C:\Windows\system32\rsaenh.dll
0x00007ffbf89b0000 - 0x00007ffbf89de000 	C:\Windows\SYSTEM32\USERENV.dll
0x00007ffbf8ae0000 - 0x00007ffbf8b63000 	C:\Windows\System32\bcryptprimitives.dll
0x00007ffbf8450000 - 0x00007ffbf845c000 	C:\Windows\SYSTEM32\CRYPTBASE.dll
0x00007ffbdfad0000 - 0x00007ffbdfadb000 	C:\Program Files\Java\jre1.8.0_221\bin\sunmscapi.dll
0x00007ffbf90e0000 - 0x00007ffbf9236000 	C:\Windows\System32\CRYPT32.dll

VM Arguments:
jvm_args: -agentlib:jdwp=transport=dt_socket,suspend=y,address=localhost:57828 -Dfile.encoding=UTF-8 
java_command: com.link.scrapingjava.MonitorSefaz.App
java_class_path (initial): C:\Users\SamPe\eclipse-workspace\MonitorSefaz\target\classes;C:\Users\SamPe\.m2\repository\org\jsoup\jsoup\1.14.3\jsoup-1.14.3.jar
Launcher Type: SUN_STANDARD

Environment Variables:
PATH=C:/Users/SamPe/.p2/pool/plugins/org.eclipse.justj.openjdk.hotspot.jre.full.win32.x86_64_15.0.2.v20210201-0955/jre/bin/server;C:/Users/SamPe/.p2/pool/plugins/org.eclipse.justj.openjdk.hotspot.jre.full.win32.x86_64_15.0.2.v20210201-0955/jre/bin;C:\Program Files\AdoptOpenJDK\jdk-11.0.10.9-hotspot\bin;C:\Python39\Scripts\;C:\Python39\;C:\Program Files\Microsoft MPI\Bin\;C:\Program Files (x86)\Common Files\Oracle\Java\javapath;C:\Windows\system32;C:\Windows;C:\Windows\System32\Wbem;C:\Windows\System32\WindowsPowerShell\v1.0\;C:\Windows\System32\OpenSSH\;C:\Program Files\NVIDIA Corporation\NVIDIA NvDLISR;C:\Program Files (x86)\NVIDIA Corporation\PhysX\Common;C:\Program Files (x86)\Microsoft SQL Server\150\DTS\Binn\;C:\Program Files\Azure Data Studio\bin;C:\ProgramData\chocolatey\bin;D:\ffmpeg-2021-02-16-git-8331eb058d-full_build;C:\Program Files\dotnet\;C:\Program Files\Git\cmd;D:\NODE.JS\;C:\Program Files\Microsoft SQL Server\Client SDK\ODBC\110\Tools\Binn\;C:\Program Files (x86)\Microsoft SQL Server\120\Tools\Binn\;C:\Program Files\Microsoft SQL Server\120\Tools\Binn\;C:\Program Files\Microsoft SQL Server\120\DTS\Binn\;C:\Program Files (x86)\Microsoft SQL Server\120\Tools\Binn\ManagementStudio\;C:\Program Files (x86)\Microsoft SQL Server\120\DTS\Binn\;C:\Program Files\MongoDB\Server\5.0\bin;C:\Users\SamPe\AppData\Local\Microsoft\WindowsApps;;D:\VISUAL STUDIO\Microsoft VS Code\bin;C:\Program Files\Azure Data Studio\bin;C:\Users\SamPe\.dotnet\tools;C:\Users\SamPe\AppData\Roaming\npm;D:\ECLIPSE SDK\eclipse;
USERNAME=Link
OS=Windows_NT
PROCESSOR_IDENTIFIER=Intel64 Family 6 Model 42 Stepping 7, GenuineIntel



---------------  S Y S T E M  ---------------

OS: Windows 10.0 , 64 bit Build 19041 (10.0.19041.1202)

CPU:total 4 (initial active 4) (4 cores per cpu, 1 threads per core) family 6 model 42 stepping 7, cmov, cx8, fxsr, mmx, sse, sse2, sse3, ssse3, sse4.1, sse4.2, popcnt, avx, aes, clmul, tsc, tscinvbit

Memory: 4k page, physical 9938160k(2319528k free), swap 14142216k(2974500k free)

vm_info: Java HotSpot(TM) 64-Bit Server VM (25.221-b11) for windows-amd64 JRE (1.8.0_221-b11), built on Jul  4 2019 04:39:29 by "java_re" with MS VC++ 10.0 (VS2010)

time: Sun Oct 10 21:26:24 2021
timezone: Hora oficial do Brasil
elapsed time: 2499 seconds (0d 0h 41m 39s)

